0 info it worked if it ends with ok
1 verbose cli [ 'node',
1 verbose cli   '/usr/local/bin/npm',
1 verbose cli   'install',
1 verbose cli   'grunt-contrib-grunticon',
1 verbose cli   '--save-dev' ]
2 info using npm@1.3.14
3 info using node@v0.10.22
4 warn package.json Grunt_Test@0.1.0 No repository field.
5 verbose readDependencies using package.json deps
6 verbose cache add [ 'grunt-contrib-grunticon', null ]
7 verbose cache add name=undefined spec="grunt-contrib-grunticon" args=["grunt-contrib-grunticon",null]
8 verbose parsed url { protocol: null,
8 verbose parsed url   slashes: null,
8 verbose parsed url   auth: null,
8 verbose parsed url   host: null,
8 verbose parsed url   port: null,
8 verbose parsed url   hostname: null,
8 verbose parsed url   hash: null,
8 verbose parsed url   search: null,
8 verbose parsed url   query: null,
8 verbose parsed url   pathname: 'grunt-contrib-grunticon',
8 verbose parsed url   path: 'grunt-contrib-grunticon',
8 verbose parsed url   href: 'grunt-contrib-grunticon' }
9 silly lockFile 406f2929-grunt-contrib-grunticon grunt-contrib-grunticon
10 verbose lock grunt-contrib-grunticon /Users/connorgaughan/.npm/406f2929-grunt-contrib-grunticon.lock
11 silly lockFile 406f2929-grunt-contrib-grunticon grunt-contrib-grunticon
12 silly lockFile 406f2929-grunt-contrib-grunticon grunt-contrib-grunticon
13 verbose addNamed [ 'grunt-contrib-grunticon', '' ]
14 verbose addNamed [ null, '*' ]
15 silly lockFile 41b02d18-grunt-contrib-grunticon grunt-contrib-grunticon@
16 verbose lock grunt-contrib-grunticon@ /Users/connorgaughan/.npm/41b02d18-grunt-contrib-grunticon.lock
17 silly addNameRange { name: 'grunt-contrib-grunticon', range: '*', hasData: false }
18 verbose url raw grunt-contrib-grunticon
19 verbose url resolving [ 'https://registry.npmjs.org/', './grunt-contrib-grunticon' ]
20 verbose url resolved https://registry.npmjs.org/grunt-contrib-grunticon
21 info trying registry request attempt 1 at 15:54:43
22 http GET https://registry.npmjs.org/grunt-contrib-grunticon
23 http 404 https://registry.npmjs.org/grunt-contrib-grunticon
24 silly registry.get cb [ 404,
24 silly registry.get   { date: 'Sat, 18 Jan 2014 21:54:45 GMT',
24 silly registry.get     server: 'CouchDB/1.5.0 (Erlang OTP/R15B03)',
24 silly registry.get     'content-type': 'application/json',
24 silly registry.get     'cache-control': 'max-age=0',
24 silly registry.get     'content-length': '52',
24 silly registry.get     'accept-ranges': 'bytes',
24 silly registry.get     via: '1.1 varnish',
24 silly registry.get     age: '0',
24 silly registry.get     'x-served-by': 'cache-c32-CHI',
24 silly registry.get     'x-cache': 'MISS',
24 silly registry.get     'x-cache-hits': '0',
24 silly registry.get     'x-timer': 'S1390082085.955389738,VS0,VE35',
24 silly registry.get     'keep-alive': 'timeout=10, max=50',
24 silly registry.get     connection: 'Keep-Alive' } ]
25 silly lockFile 41b02d18-grunt-contrib-grunticon grunt-contrib-grunticon@
26 silly lockFile 41b02d18-grunt-contrib-grunticon grunt-contrib-grunticon@
27 error 404 'grunt-contrib-grunticon' is not in the npm registry.
27 error 404 You should bug the author to publish it
27 error 404
27 error 404 Note that you can also install from a
27 error 404 tarball, folder, or http url, or git url.
28 error System Darwin 13.0.0
29 error command "node" "/usr/local/bin/npm" "install" "grunt-contrib-grunticon" "--save-dev"
30 error cwd /Applications/MAMP/htdocs/GitHub/ClubhouseCreative/wordpress/wp-content/themes/clubhouse3.0
31 error node -v v0.10.22
32 error npm -v 1.3.14
33 error code E404
34 verbose exit [ 1, true ]
